<?xml version="1.0" encoding="UTF-8"?>
<testsuite xmlns:xsi="http://www.w3.org/2001/XMLSchema-instance" xsi:noNamespaceSchemaLocation="https://maven.apache.org/surefire/maven-surefire-plugin/xsd/surefire-test-report-3.0.xsd" version="3.0" name="com.smartuniversity.market.web.MarketplaceControllerIntegrationTest" time="9.014" tests="4" errors="0" skipped="0" failures="0">
  <properties>
[...]
</properties>
  <testcase name="checkoutShouldCancelOrderWhenPaymentFails" classname="com.smartuniversity.market.web.MarketplaceControllerIntegrationTest" time="1.826">
    <system-out><![CDATA[2025-12-07T19:40:42.349Z  INFO 631 --- [marketplace-service] [           main] t.c.s.AnnotationConfigContextLoaderUtils : Could not detect default configuration classes for test class [com.smartuniversity.market.web.MarketplaceControllerIntegrationTest]: MarketplaceControllerIntegrationTest does not declare any static, non-private, non-final, nested classes annotated with @Configuration.
2025-12-07T19:40:42.489Z  INFO 631 --- [marketplace-service] [           main] .b.t.c.SpringBootTestContextBootstrapper : Found @SpringBootConfiguration com.smartuniversity.market.MarketplaceServiceApplication for test class com.smartuniversity.market.web.MarketplaceControllerIntegrationTest

  .   ____          _            __ _ _
 /\\ / ___'_ __ _ _(_)_ __  __ _ \ \ \ \
( ( )\___ | '_ | '_| | '_ \/ _` | \ \ \ \
 \\/  ___)| |_)| | | | | || (_| |  ) ) ) )
  '  |____| .__|_| |_|_| |_\__, | / / / /
 =========|_|==============|___/=/_/_/_/
 :: Spring Boot ::                (v3.2.5)

2025-12-07T19:40:42.577Z  INFO 631 --- [marketplace-service] [           main] m.w.MarketplaceControllerIntegrationTest : Starting MarketplaceControllerIntegrationTest using Java 17.0.17 with PID 631 (started by root in /workspace/marketplace-service)
2025-12-07T19:40:42.578Z  INFO 631 --- [marketplace-service] [           main] m.w.MarketplaceControllerIntegrationTest : The following 1 profile is active: "test"
2025-12-07T19:40:43.803Z  INFO 631 --- [marketplace-service] [           main] .s.d.r.c.RepositoryConfigurationDelegate : Bootstrapping Spring Data JPA repositories in DEFAULT mode.
2025-12-07T19:40:43.961Z  INFO 631 --- [marketplace-service] [           main] .s.d.r.c.RepositoryConfigurationDelegate : Finished Spring Data repository scanning in 158 ms. Found 2 JPA repository interfaces.
2025-12-07T19:40:45.312Z  INFO 631 --- [marketplace-service] [           main] o.hibernate.jpa.internal.util.LogHelper  : HHH000204: Processing PersistenceUnitInfo [name: default]
2025-12-07T19:40:45.394Z  INFO 631 --- [marketplace-service] [           main] o.h.c.internal.RegionFactoryInitiator    : HHH000026: Second-level cache disabled
2025-12-07T19:40:45.505Z  INFO 631 --- [marketplace-service] [           main] o.s.o.j.p.SpringPersistenceUnitInfo      : No LoadTimeWeaver setup: ignoring JPA class transformer
2025-12-07T19:40:45.520Z  INFO 631 --- [marketplace-service] [           main] com.zaxxer.hikari.HikariDataSource       : HikariPool-2 - Starting...
2025-12-07T19:40:45.524Z  INFO 631 --- [marketplace-service] [           main] com.zaxxer.hikari.pool.HikariPool        : HikariPool-2 - Added connection conn10: url=jdbc:h2:mem:marketdb user=SA
2025-12-07T19:40:45.524Z  INFO 631 --- [marketplace-service] [           main] com.zaxxer.hikari.HikariDataSource       : HikariPool-2 - Start completed.
2025-12-07T19:40:45.527Z  WARN 631 --- [marketplace-service] [           main] org.hibernate.orm.deprecation            : HHH90000025: H2Dialect does not need to be specified explicitly using 'hibernate.dialect' (remove the property setting and it will be selected by default)
2025-12-07T19:40:45.972Z  INFO 631 --- [marketplace-service] [           main] o.h.e.t.j.p.i.JtaPlatformInitiator       : HHH000489: No JTA platform available (set 'hibernate.transaction.jta.platform' to enable JTA platform integration)
2025-12-07T19:40:46.025Z  INFO 631 --- [marketplace-service] [           main] j.LocalContainerEntityManagerFactoryBean : Initialized JPA EntityManagerFactory for persistence unit 'default'
2025-12-07T19:40:46.808Z  WARN 631 --- [marketplace-service] [           main] JpaBaseConfiguration$JpaWebConfiguration : spring.jpa.open-in-view is enabled by default. Therefore, database queries may be performed during view rendering. Explicitly configure spring.jpa.open-in-view to disable this warning
2025-12-07T19:40:46.936Z  WARN 631 --- [marketplace-service] [           main] .s.s.UserDetailsServiceAutoConfiguration : 

Using generated security password: 7f87c56d-bf01-4e50-88e5-04fbf774a519

This generated password is for development use only. Your security configuration must be updated before running your application in production.

2025-12-07T19:40:47.872Z  INFO 631 --- [marketplace-service] [           main] o.s.b.a.e.web.EndpointLinksResolver      : Exposing 2 endpoint(s) beneath base path '/actuator'
2025-12-07T19:40:47.900Z  INFO 631 --- [marketplace-service] [           main] o.s.s.web.DefaultSecurityFilterChain     : Will secure any request with [org.springframework.security.web.session.DisableEncodeUrlFilter@3e491595, org.springframework.security.web.context.request.async.WebAsyncManagerIntegrationFilter@345292c1, org.springframework.security.web.context.SecurityContextHolderFilter@23bc053c, org.springframework.security.web.header.HeaderWriterFilter@43b60ce1, org.springframework.web.filter.CorsFilter@1b0e55b, org.springframework.security.web.authentication.logout.LogoutFilter@3de64145, org.springframework.security.web.savedrequest.RequestCacheAwareFilter@3840b4e6, org.springframework.security.web.servletapi.SecurityContextHolderAwareRequestFilter@4155a965, org.springframework.security.web.authentication.AnonymousAuthenticationFilter@35c7c803, org.springframework.security.web.access.ExceptionTranslationFilter@10117005, org.springframework.security.web.access.intercept.AuthorizationFilter@4599f10c]
2025-12-07T19:40:48.976Z  INFO 631 --- [marketplace-service] [           main] o.s.b.t.m.w.SpringBootMockServletContext : Initializing Spring TestDispatcherServlet ''
2025-12-07T19:40:48.976Z  INFO 631 --- [marketplace-service] [           main] o.s.t.web.servlet.TestDispatcherServlet  : Initializing Servlet ''
2025-12-07T19:40:48.977Z  INFO 631 --- [marketplace-service] [           main] o.s.t.web.servlet.TestDispatcherServlet  : Completed initialization in 1 ms
2025-12-07T19:40:49.030Z  INFO 631 --- [marketplace-service] [           main] m.w.MarketplaceControllerIntegrationTest : Started MarketplaceControllerIntegrationTest in 6.533 seconds (process running for 32.031)
]]></system-out>
  </testcase>
  <testcase name="createProductAndListShouldWorkForTeacher" classname="com.smartuniversity.market.web.MarketplaceControllerIntegrationTest" time="0.365"/>
  <testcase name="checkoutShouldCompensatePaymentWhenStockInsufficient" classname="com.smartuniversity.market.web.MarketplaceControllerIntegrationTest" time="0.049"/>
  <testcase name="checkoutShouldInvokeSagaAndPublishEvent" classname="com.smartuniversity.market.web.MarketplaceControllerIntegrationTest" time="0.043"/>
</testsuite>