<?xml version="1.0" encoding="UTF-8"?>
<testsuite xmlns:xsi="http://www.w3.org/2001/XMLSchema-instance" xsi:noNamespaceSchemaLocation="https://maven.apache.org/surefire/maven-surefire-plugin/xsd/surefire-test-report-3.0.xsd" version="3.0" name="com.smartuniversity.gateway.JwtAuthenticationFilterTests" time="1.098" tests="3" errors="0" skipped="0" failures="0">
  <properties>
[...]
</properties>
  <testcase name="studentCannotCreateMarketplaceProduct" classname="com.smartuniversity.gateway.JwtAuthenticationFilterTests" time="1.026"/>
  <testcase name="missingAuthorizationHeaderShouldReturn401" classname="com.smartuniversity.gateway.JwtAuthenticationFilterTests" time="0.012"/>
  <testcase name="teacherCanCreateMarketplaceProductAndHeadersAreInjected" classname="com.smartuniversity.gateway.JwtAuthenticationFilterTests" time="0.037"/>
</testsuite>