-------------------------------------------------------------------------------
Test set: com.smartuniversity.booking.web.BookingControllerIntegrationTest
-------------------------------------------------------------------------------
Tests run: 3, Failures: 1, Errors: 0, Skipped: 0, Time elapsed: 4.811 s <<< FAILURE! -- in com.smartuniversity.booking.web.BookingControllerIntegrationTest
com.smartuniversity.booking.web.BookingControllerIntegrationTest.concurrentReservationAttemptsShouldOnlyAllowOneSuccess -- Time elapsed: 0.217 s <<< FAILURE!
org.opentest4j.AssertionFailedError: 

expected: 1
 but was: 2
	at java.base/jdk.internal.reflect.NativeConstructorAccessorImpl.newInstance0(Native Method)
	at java.base/jdk.internal.reflect.NativeConstructorAccessorImpl.newInstance(NativeConstructorAccessorImpl.java:77)
	at java.base/jdk.internal.reflect.DelegatingConstructorAccessorImpl.newInstance(DelegatingConstructorAccessorImpl.java:45)
	at java.base/java.lang.reflect.Constructor.newInstanceWithCaller(Constructor.java:500)
	at com.smartuniversity.booking.web.BookingControllerIntegrationTest.concurrentReservationAttemptsShouldOnlyAllowOneSuccess(BookingControllerIntegrationTest.java:157)
	at java.base/java.lang.reflect.Method.invoke(Method.java:569)
	at java.base/java.util.ArrayList.forEach(ArrayList.java:1511)
	at java.base/java.util.ArrayList.forEach(ArrayList.java:1511)

