<?xml version="1.0" encoding="UTF-8"?>
<testsuite xmlns:xsi="http://www.w3.org/2001/XMLSchema-instance" xsi:noNamespaceSchemaLocation="https://maven.apache.org/surefire/maven-surefire-plugin/xsd/surefire-test-report-3.0.xsd" version="3.0" name="com.smartuniversity.booking.web.BookingControllerIntegrationTest" time="6.529" tests="3" errors="0" skipped="0" failures="0">
  <properties>
[...]
</properties>
  <testcase name="createReservationShouldPreventOverbooking" classname="com.smartuniversity.booking.web.BookingControllerIntegrationTest" time="1.714">
    <system-out><![CDATA[2025-12-07T21:08:15.638Z  INFO 488 --- [booking-service] [           main] t.c.s.AnnotationConfigContextLoaderUtils : Could not detect default configuration classes for test class [com.smartuniversity.booking.web.BookingControllerIntegrationTest]: BookingControllerIntegrationTest does not declare any static, non-private, non-final, nested classes annotated with @Configuration.
2025-12-07T21:08:15.773Z  INFO 488 --- [booking-service] [           main] .b.t.c.SpringBootTestContextBootstrapper : Found @SpringBootConfiguration com.smartuniversity.booking.BookingServiceApplication for test class com.smartuniversity.booking.web.BookingControllerIntegrationTest

  .   ____          _            __ _ _
 /\\ / ___'_ __ _ _(_)_ __  __ _ \ \ \ \
( ( )\___ | '_ | '_| | '_ \/ _` | \ \ \ \
 \\/  ___)| |_)| | | | | || (_| |  ) ) ) )
  '  |____| .__|_| |_|_| |_\__, | / / / /
 =========|_|==============|___/=/_/_/_/
 :: Spring Boot ::                (v3.2.5)

2025-12-07T21:08:15.925Z  INFO 488 --- [booking-service] [           main] c.s.b.w.BookingControllerIntegrationTest : Starting BookingControllerIntegrationTest using Java 17.0.17 with PID 488 (started by root in /workspace/booking-service)
2025-12-07T21:08:15.925Z  INFO 488 --- [booking-service] [           main] c.s.b.w.BookingControllerIntegrationTest : The following 1 profile is active: "test"
2025-12-07T21:08:17.460Z  INFO 488 --- [booking-service] [           main] .s.d.r.c.RepositoryConfigurationDelegate : Bootstrapping Spring Data JPA repositories in DEFAULT mode.
2025-12-07T21:08:17.605Z  INFO 488 --- [booking-service] [           main] .s.d.r.c.RepositoryConfigurationDelegate : Finished Spring Data repository scanning in 145 ms. Found 2 JPA repository interfaces.
2025-12-07T21:08:17.970Z  INFO 488 --- [booking-service] [           main] o.hibernate.jpa.internal.util.LogHelper  : HHH000204: Processing PersistenceUnitInfo [name: default]
2025-12-07T21:08:18.003Z  INFO 488 --- [booking-service] [           main] o.h.c.internal.RegionFactoryInitiator    : HHH000026: Second-level cache disabled
2025-12-07T21:08:18.047Z  INFO 488 --- [booking-service] [           main] o.s.o.j.p.SpringPersistenceUnitInfo      : No LoadTimeWeaver setup: ignoring JPA class transformer
2025-12-07T21:08:18.053Z  INFO 488 --- [booking-service] [           main] com.zaxxer.hikari.HikariDataSource       : HikariPool-2 - Starting...
2025-12-07T21:08:18.055Z  INFO 488 --- [booking-service] [           main] com.zaxxer.hikari.pool.HikariPool        : HikariPool-2 - Added connection conn10: url=jdbc:h2:mem:bookingdb user=SA
2025-12-07T21:08:18.055Z  INFO 488 --- [booking-service] [           main] com.zaxxer.hikari.HikariDataSource       : HikariPool-2 - Start completed.
2025-12-07T21:08:18.056Z  WARN 488 --- [booking-service] [           main] org.hibernate.orm.deprecation            : HHH90000025: H2Dialect does not need to be specified explicitly using 'hibernate.dialect' (remove the property setting and it will be selected by default)
2025-12-07T21:08:18.206Z  INFO 488 --- [booking-service] [           main] o.h.e.t.j.p.i.JtaPlatformInitiator       : HHH000489: No JTA platform available (set 'hibernate.transaction.jta.platform' to enable JTA platform integration)
2025-12-07T21:08:18.235Z  INFO 488 --- [booking-service] [           main] j.LocalContainerEntityManagerFactoryBean : Initialized JPA EntityManagerFactory for persistence unit 'default'
2025-12-07T21:08:18.579Z  WARN 488 --- [booking-service] [           main] JpaBaseConfiguration$JpaWebConfiguration : spring.jpa.open-in-view is enabled by default. Therefore, database queries may be performed during view rendering. Explicitly configure spring.jpa.open-in-view to disable this warning
2025-12-07T21:08:18.654Z  WARN 488 --- [booking-service] [           main] .s.s.UserDetailsServiceAutoConfiguration : 

Using generated security password: cad6c648-08ed-4c2c-8282-c2148faf2e0e

This generated password is for development use only. Your security configuration must be updated before running your application in production.

2025-12-07T21:08:19.215Z  INFO 488 --- [booking-service] [           main] o.s.b.a.e.web.EndpointLinksResolver      : Exposing 2 endpoint(s) beneath base path '/actuator'
2025-12-07T21:08:19.235Z  INFO 488 --- [booking-service] [           main] o.s.s.web.DefaultSecurityFilterChain     : Will secure any request with [org.springframework.security.web.session.DisableEncodeUrlFilter@5f0669d9, org.springframework.security.web.context.request.async.WebAsyncManagerIntegrationFilter@1c4f3b3d, org.springframework.security.web.context.SecurityContextHolderFilter@433dd165, org.springframework.security.web.header.HeaderWriterFilter@7e9ffdff, org.springframework.web.filter.CorsFilter@211d17c, org.springframework.security.web.authentication.logout.LogoutFilter@340a5c52, org.springframework.security.web.savedrequest.RequestCacheAwareFilter@27a18433, org.springframework.security.web.servletapi.SecurityContextHolderAwareRequestFilter@183d22c5, org.springframework.security.web.authentication.AnonymousAuthenticationFilter@41865dc1, org.springframework.security.web.access.ExceptionTranslationFilter@384abf00, org.springframework.security.web.access.intercept.AuthorizationFilter@153740c7]
2025-12-07T21:08:20.002Z  INFO 488 --- [booking-service] [           main] o.s.b.t.m.w.SpringBootMockServletContext : Initializing Spring TestDispatcherServlet ''
2025-12-07T21:08:20.002Z  INFO 488 --- [booking-service] [           main] o.s.t.web.servlet.TestDispatcherServlet  : Initializing Servlet ''
2025-12-07T21:08:20.004Z  INFO 488 --- [booking-service] [           main] o.s.t.web.servlet.TestDispatcherServlet  : Completed initialization in 2 ms
2025-12-07T21:08:20.046Z  INFO 488 --- [booking-service] [           main] c.s.b.w.BookingControllerIntegrationTest : Started BookingControllerIntegrationTest in 4.263 seconds (process running for 29.506)
]]></system-out>
  </testcase>
  <testcase name="listResourcesShouldReturnResourcesForTenant" classname="com.smartuniversity.booking.web.BookingControllerIntegrationTest" time="0.103"/>
  <testcase name="concurrentReservationAttemptsShouldOnlyAllowOneSuccess" classname="com.smartuniversity.booking.web.BookingControllerIntegrationTest" time="0.274"/>
</testsuite>